  源.cpp
f:\code\c++作业\重排链表vs\重排链表vs\源.cpp(150): error C2679: 二进制“<<”: 没有找到接受“std::string”类型的右操作数的运算符(或没有可接受的转换)
  e:\vs\vc\tools\msvc\14.10.25017\include\ostream(488): note: 可能是“std::basic_ostream<char,std::char_traits<char>> &std::basic_ostream<char,std::char_traits<char>>::operator <<(std::basic_streambuf<char,std::char_traits<char>> *)”
  e:\vs\vc\tools\msvc\14.10.25017\include\ostream(468): note: 或    “std::basic_ostream<char,std::char_traits<char>> &std::basic_ostream<char,std::char_traits<char>>::operator <<(const void *)”
  e:\vs\vc\tools\msvc\14.10.25017\include\ostream(448): note: 或    “std::basic_ostream<char,std::char_traits<char>> &std::basic_ostream<char,std::char_traits<char>>::operator <<(long double)”
  e:\vs\vc\tools\msvc\14.10.25017\include\ostream(428): note: 或    “std::basic_ostream<char,std::char_traits<char>> &std::basic_ostream<char,std::char_traits<char>>::operator <<(double)”
  e:\vs\vc\tools\msvc\14.10.25017\include\ostream(408): note: 或    “std::basic_ostream<char,std::char_traits<char>> &std::basic_ostream<char,std::char_traits<char>>::operator <<(float)”
  e:\vs\vc\tools\msvc\14.10.25017\include\ostream(388): note: 或    “std::basic_ostream<char,std::char_traits<char>> &std::basic_ostream<char,std::char_traits<char>>::operator <<(unsigned __int64)”
  e:\vs\vc\tools\msvc\14.10.25017\include\ostream(368): note: 或    “std::basic_ostream<char,std::char_traits<char>> &std::basic_ostream<char,std::char_traits<char>>::operator <<(__int64)”
  e:\vs\vc\tools\msvc\14.10.25017\include\ostream(348): note: 或    “std::basic_ostream<char,std::char_traits<char>> &std::basic_ostream<char,std::char_traits<char>>::operator <<(unsigned long)”
  e:\vs\vc\tools\msvc\14.10.25017\include\ostream(328): note: 或    “std::basic_ostream<char,std::char_traits<char>> &std::basic_ostream<char,std::char_traits<char>>::operator <<(long)”
  e:\vs\vc\tools\msvc\14.10.25017\include\ostream(308): note: 或    “std::basic_ostream<char,std::char_traits<char>> &std::basic_ostream<char,std::char_traits<char>>::operator <<(unsigned int)”
  e:\vs\vc\tools\msvc\14.10.25017\include\ostream(283): note: 或    “std::basic_ostream<char,std::char_traits<char>> &std::basic_ostream<char,std::char_traits<char>>::operator <<(int)”
  e:\vs\vc\tools\msvc\14.10.25017\include\ostream(263): note: 或    “std::basic_ostream<char,std::char_traits<char>> &std::basic_ostream<char,std::char_traits<char>>::operator <<(unsigned short)”
  e:\vs\vc\tools\msvc\14.10.25017\include\ostream(229): note: 或    “std::basic_ostream<char,std::char_traits<char>> &std::basic_ostream<char,std::char_traits<char>>::operator <<(short)”
  e:\vs\vc\tools\msvc\14.10.25017\include\ostream(209): note: 或    “std::basic_ostream<char,std::char_traits<char>> &std::basic_ostream<char,std::char_traits<char>>::operator <<(bool)”
  e:\vs\vc\tools\msvc\14.10.25017\include\ostream(203): note: 或    “std::basic_ostream<char,std::char_traits<char>> &std::basic_ostream<char,std::char_traits<char>>::operator <<(std::ios_base &(__cdecl *)(std::ios_base &))”
  e:\vs\vc\tools\msvc\14.10.25017\include\ostream(197): note: 或    “std::basic_ostream<char,std::char_traits<char>> &std::basic_ostream<char,std::char_traits<char>>::operator <<(std::basic_ios<char,std::char_traits<char>> &(__cdecl *)(std::basic_ios<char,std::char_traits<char>> &))”
  e:\vs\vc\tools\msvc\14.10.25017\include\ostream(192): note: 或    “std::basic_ostream<char,std::char_traits<char>> &std::basic_ostream<char,std::char_traits<char>>::operator <<(std::basic_ostream<char,std::char_traits<char>> &(__cdecl *)(std::basic_ostream<char,std::char_traits<char>> &))”
  e:\vs\vc\tools\msvc\14.10.25017\include\ostream(1011): note: 或    “std::basic_ostream<char,std::char_traits<char>> &std::operator <<<char,std::char_traits<char>>(std::basic_ostream<char,std::char_traits<char>> &,const std::error_code &)”
  e:\vs\vc\tools\msvc\14.10.25017\include\ostream(973): note: 或    “std::basic_ostream<char,std::char_traits<char>> &std::operator <<<char,std::char_traits<char>,std::string>(std::basic_ostream<char,std::char_traits<char>> &&,const _Ty &)”
          with
          [
              _Ty=std::string
          ]
  e:\vs\vc\tools\msvc\14.10.25017\include\ostream(963): note: 或    “std::basic_ostream<char,std::char_traits<char>> &std::operator <<<std::char_traits<char>>(std::basic_ostream<char,std::char_traits<char>> &,unsigned char)”
  e:\vs\vc\tools\msvc\14.10.25017\include\ostream(956): note: 或    “std::basic_ostream<char,std::char_traits<char>> &std::operator <<<std::char_traits<char>>(std::basic_ostream<char,std::char_traits<char>> &,const unsigned char *)”
  e:\vs\vc\tools\msvc\14.10.25017\include\ostream(949): note: 或    “std::basic_ostream<char,std::char_traits<char>> &std::operator <<<std::char_traits<char>>(std::basic_ostream<char,std::char_traits<char>> &,signed char)”
  e:\vs\vc\tools\msvc\14.10.25017\include\ostream(942): note: 或    “std::basic_ostream<char,std::char_traits<char>> &std::operator <<<std::char_traits<char>>(std::basic_ostream<char,std::char_traits<char>> &,const signed char *)”
  e:\vs\vc\tools\msvc\14.10.25017\include\ostream(816): note: 或    “std::basic_ostream<char,std::char_traits<char>> &std::operator <<<std::char_traits<char>>(std::basic_ostream<char,std::char_traits<char>> &,char)”
  e:\vs\vc\tools\msvc\14.10.25017\include\ostream(769): note: 或    “std::basic_ostream<char,std::char_traits<char>> &std::operator <<<std::char_traits<char>>(std::basic_ostream<char,std::char_traits<char>> &,const char *)”
  e:\vs\vc\tools\msvc\14.10.25017\include\ostream(731): note: 或    “std::basic_ostream<char,std::char_traits<char>> &std::operator <<<char,std::char_traits<char>>(std::basic_ostream<char,std::char_traits<char>> &,char)”
  e:\vs\vc\tools\msvc\14.10.25017\include\ostream(684): note: 或    “std::basic_ostream<char,std::char_traits<char>> &std::operator <<<char,std::char_traits<char>>(std::basic_ostream<char,std::char_traits<char>> &,const char *)”
  f:\code\c++作业\重排链表vs\重排链表vs\源.cpp(150): note: 尝试匹配参数列表“(std::ostream, std::string)”时
f:\code\c++作业\重排链表vs\重排链表vs\源.cpp(159): error C2679: 二进制“>>”: 没有找到接受“std::string”类型的右操作数的运算符(或没有可接受的转换)
  e:\vs\vc\tools\msvc\14.10.25017\include\istream(475): note: 可能是“std::basic_istream<char,std::char_traits<char>> &std::basic_istream<char,std::char_traits<char>>::operator >>(std::basic_streambuf<char,std::char_traits<char>> *)”
  e:\vs\vc\tools\msvc\14.10.25017\include\istream(456): note: 或    “std::basic_istream<char,std::char_traits<char>> &std::basic_istream<char,std::char_traits<char>>::operator >>(void *&)”
  e:\vs\vc\tools\msvc\14.10.25017\include\istream(438): note: 或    “std::basic_istream<char,std::char_traits<char>> &std::basic_istream<char,std::char_traits<char>>::operator >>(long double &)”
  e:\vs\vc\tools\msvc\14.10.25017\include\istream(420): note: 或    “std::basic_istream<char,std::char_traits<char>> &std::basic_istream<char,std::char_traits<char>>::operator >>(double &)”
  e:\vs\vc\tools\msvc\14.10.25017\include\istream(401): note: 或    “std::basic_istream<char,std::char_traits<char>> &std::basic_istream<char,std::char_traits<char>>::operator >>(float &)”
  e:\vs\vc\tools\msvc\14.10.25017\include\istream(383): note: 或    “std::basic_istream<char,std::char_traits<char>> &std::basic_istream<char,std::char_traits<char>>::operator >>(unsigned __int64 &)”
  e:\vs\vc\tools\msvc\14.10.25017\include\istream(364): note: 或    “std::basic_istream<char,std::char_traits<char>> &std::basic_istream<char,std::char_traits<char>>::operator >>(__int64 &)”
  e:\vs\vc\tools\msvc\14.10.25017\include\istream(345): note: 或    “std::basic_istream<char,std::char_traits<char>> &std::basic_istream<char,std::char_traits<char>>::operator >>(unsigned long &)”
  e:\vs\vc\tools\msvc\14.10.25017\include\istream(327): note: 或    “std::basic_istream<char,std::char_traits<char>> &std::basic_istream<char,std::char_traits<char>>::operator >>(long &)”
  e:\vs\vc\tools\msvc\14.10.25017\include\istream(309): note: 或    “std::basic_istream<char,std::char_traits<char>> &std::basic_istream<char,std::char_traits<char>>::operator >>(unsigned int &)”
  e:\vs\vc\tools\msvc\14.10.25017\include\istream(283): note: 或    “std::basic_istream<char,std::char_traits<char>> &std::basic_istream<char,std::char_traits<char>>::operator >>(int &)”
  e:\vs\vc\tools\msvc\14.10.25017\include\istream(264): note: 或    “std::basic_istream<char,std::char_traits<char>> &std::basic_istream<char,std::char_traits<char>>::operator >>(unsigned short &)”
  e:\vs\vc\tools\msvc\14.10.25017\include\istream(229): note: 或    “std::basic_istream<char,std::char_traits<char>> &std::basic_istream<char,std::char_traits<char>>::operator >>(short &)”
  e:\vs\vc\tools\msvc\14.10.25017\include\istream(210): note: 或    “std::basic_istream<char,std::char_traits<char>> &std::basic_istream<char,std::char_traits<char>>::operator >>(bool &)”
  e:\vs\vc\tools\msvc\14.10.25017\include\istream(204): note: 或    “std::basic_istream<char,std::char_traits<char>> &std::basic_istream<char,std::char_traits<char>>::operator >>(std::ios_base &(__cdecl *)(std::ios_base &))”
  e:\vs\vc\tools\msvc\14.10.25017\include\istream(198): note: 或    “std::basic_istream<char,std::char_traits<char>> &std::basic_istream<char,std::char_traits<char>>::operator >>(std::basic_ios<char,std::char_traits<char>> &(__cdecl *)(std::basic_ios<char,std::char_traits<char>> &))”
  e:\vs\vc\tools\msvc\14.10.25017\include\istream(193): note: 或    “std::basic_istream<char,std::char_traits<char>> &std::basic_istream<char,std::char_traits<char>>::operator >>(std::basic_istream<char,std::char_traits<char>> &(__cdecl *)(std::basic_istream<char,std::char_traits<char>> &))”
  e:\vs\vc\tools\msvc\14.10.25017\include\istream(1092): note: 或    “std::basic_istream<char,std::char_traits<char>> &std::operator >><char,std::char_traits<char>,std::string&>(std::basic_istream<char,std::char_traits<char>> &&,_Ty)”
          with
          [
              _Ty=std::string &
          ]
  e:\vs\vc\tools\msvc\14.10.25017\include\istream(1082): note: 或    “std::basic_istream<char,std::char_traits<char>> &std::operator >><std::char_traits<char>>(std::basic_istream<char,std::char_traits<char>> &,unsigned char &)”
  e:\vs\vc\tools\msvc\14.10.25017\include\istream(1075): note: 或    “std::basic_istream<char,std::char_traits<char>> &std::operator >><std::char_traits<char>>(std::basic_istream<char,std::char_traits<char>> &,unsigned char *)”
  e:\vs\vc\tools\msvc\14.10.25017\include\istream(1068): note: 或    “std::basic_istream<char,std::char_traits<char>> &std::operator >><std::char_traits<char>>(std::basic_istream<char,std::char_traits<char>> &,signed char &)”
  e:\vs\vc\tools\msvc\14.10.25017\include\istream(1061): note: 或    “std::basic_istream<char,std::char_traits<char>> &std::operator >><std::char_traits<char>>(std::basic_istream<char,std::char_traits<char>> &,signed char *)”
  f:\code\c++作业\重排链表vs\重排链表vs\源.cpp(159): note: 尝试匹配参数列表“(std::istream, std::string)”时
f:\code\c++作业\重排链表vs\重排链表vs\源.cpp(162): error C2679: 二进制“>>”: 没有找到接受“std::string”类型的右操作数的运算符(或没有可接受的转换)
  e:\vs\vc\tools\msvc\14.10.25017\include\istream(475): note: 可能是“std::basic_istream<char,std::char_traits<char>> &std::basic_istream<char,std::char_traits<char>>::operator >>(std::basic_streambuf<char,std::char_traits<char>> *)”
  e:\vs\vc\tools\msvc\14.10.25017\include\istream(456): note: 或    “std::basic_istream<char,std::char_traits<char>> &std::basic_istream<char,std::char_traits<char>>::operator >>(void *&)”
  e:\vs\vc\tools\msvc\14.10.25017\include\istream(438): note: 或    “std::basic_istream<char,std::char_traits<char>> &std::basic_istream<char,std::char_traits<char>>::operator >>(long double &)”
  e:\vs\vc\tools\msvc\14.10.25017\include\istream(420): note: 或    “std::basic_istream<char,std::char_traits<char>> &std::basic_istream<char,std::char_traits<char>>::operator >>(double &)”
  e:\vs\vc\tools\msvc\14.10.25017\include\istream(401): note: 或    “std::basic_istream<char,std::char_traits<char>> &std::basic_istream<char,std::char_traits<char>>::operator >>(float &)”
  e:\vs\vc\tools\msvc\14.10.25017\include\istream(383): note: 或    “std::basic_istream<char,std::char_traits<char>> &std::basic_istream<char,std::char_traits<char>>::operator >>(unsigned __int64 &)”
  e:\vs\vc\tools\msvc\14.10.25017\include\istream(364): note: 或    “std::basic_istream<char,std::char_traits<char>> &std::basic_istream<char,std::char_traits<char>>::operator >>(__int64 &)”
  e:\vs\vc\tools\msvc\14.10.25017\include\istream(345): note: 或    “std::basic_istream<char,std::char_traits<char>> &std::basic_istream<char,std::char_traits<char>>::operator >>(unsigned long &)”
  e:\vs\vc\tools\msvc\14.10.25017\include\istream(327): note: 或    “std::basic_istream<char,std::char_traits<char>> &std::basic_istream<char,std::char_traits<char>>::operator >>(long &)”
  e:\vs\vc\tools\msvc\14.10.25017\include\istream(309): note: 或    “std::basic_istream<char,std::char_traits<char>> &std::basic_istream<char,std::char_traits<char>>::operator >>(unsigned int &)”
  e:\vs\vc\tools\msvc\14.10.25017\include\istream(283): note: 或    “std::basic_istream<char,std::char_traits<char>> &std::basic_istream<char,std::char_traits<char>>::operator >>(int &)”
  e:\vs\vc\tools\msvc\14.10.25017\include\istream(264): note: 或    “std::basic_istream<char,std::char_traits<char>> &std::basic_istream<char,std::char_traits<char>>::operator >>(unsigned short &)”
  e:\vs\vc\tools\msvc\14.10.25017\include\istream(229): note: 或    “std::basic_istream<char,std::char_traits<char>> &std::basic_istream<char,std::char_traits<char>>::operator >>(short &)”
  e:\vs\vc\tools\msvc\14.10.25017\include\istream(210): note: 或    “std::basic_istream<char,std::char_traits<char>> &std::basic_istream<char,std::char_traits<char>>::operator >>(bool &)”
  e:\vs\vc\tools\msvc\14.10.25017\include\istream(204): note: 或    “std::basic_istream<char,std::char_traits<char>> &std::basic_istream<char,std::char_traits<char>>::operator >>(std::ios_base &(__cdecl *)(std::ios_base &))”
  e:\vs\vc\tools\msvc\14.10.25017\include\istream(198): note: 或    “std::basic_istream<char,std::char_traits<char>> &std::basic_istream<char,std::char_traits<char>>::operator >>(std::basic_ios<char,std::char_traits<char>> &(__cdecl *)(std::basic_ios<char,std::char_traits<char>> &))”
  e:\vs\vc\tools\msvc\14.10.25017\include\istream(193): note: 或    “std::basic_istream<char,std::char_traits<char>> &std::basic_istream<char,std::char_traits<char>>::operator >>(std::basic_istream<char,std::char_traits<char>> &(__cdecl *)(std::basic_istream<char,std::char_traits<char>> &))”
  e:\vs\vc\tools\msvc\14.10.25017\include\istream(1092): note: 或    “std::basic_istream<char,std::char_traits<char>> &std::operator >><char,std::char_traits<char>,std::string&>(std::basic_istream<char,std::char_traits<char>> &&,_Ty)”
          with
          [
              _Ty=std::string &
          ]
  e:\vs\vc\tools\msvc\14.10.25017\include\istream(1082): note: 或    “std::basic_istream<char,std::char_traits<char>> &std::operator >><std::char_traits<char>>(std::basic_istream<char,std::char_traits<char>> &,unsigned char &)”
  e:\vs\vc\tools\msvc\14.10.25017\include\istream(1075): note: 或    “std::basic_istream<char,std::char_traits<char>> &std::operator >><std::char_traits<char>>(std::basic_istream<char,std::char_traits<char>> &,unsigned char *)”
  e:\vs\vc\tools\msvc\14.10.25017\include\istream(1068): note: 或    “std::basic_istream<char,std::char_traits<char>> &std::operator >><std::char_traits<char>>(std::basic_istream<char,std::char_traits<char>> &,signed char &)”
  e:\vs\vc\tools\msvc\14.10.25017\include\istream(1061): note: 或    “std::basic_istream<char,std::char_traits<char>> &std::operator >><std::char_traits<char>>(std::basic_istream<char,std::char_traits<char>> &,signed char *)”
  f:\code\c++作业\重排链表vs\重排链表vs\源.cpp(162): note: 尝试匹配参数列表“(std::istream, std::string)”时
